[0213/204945.188:ERROR:process_info.cc(118)] ReadProcessMemory bool __cdecl crashpad::(anonymous namespace)::ReadStruct(HANDLE, crashpad::WinVMAddress, T *) [T = crashpad::process_types::LDR_DATA_TABLE_ENTRY<crashpad::process_types::internal::Traits64>]: Invalid access to memory location. (0x3E6)
[0213/204945.233:ERROR:process_info.cc(118)] ReadProcessMemory bool __cdecl crashpad::(anonymous namespace)::ReadStruct(HANDLE, crashpad::WinVMAddress, T *) [T = crashpad::process_types::LDR_DATA_TABLE_ENTRY<crashpad::process_types::internal::Traits64>]: Invalid access to memory location. (0x3E6)
[0213/204945.887:ERROR:process_memory_win.cc(73)] ReadMemory at 0x3c000000769622ff of 132 bytes failed: Invalid access to memory location. (0x3E6)
[0213/204945.888:ERROR:process_memory_win.cc(73)] ReadMemory at 0xfffffffffffffff0 of 132 bytes failed: Invalid access to memory location. (0x3E6)
[0213/204945.889:ERROR:process_memory_win.cc(73)] ReadMemory at 0xffffffffffffffe0 of 132 bytes failed: Invalid access to memory location. (0x3E6)
[0213/204945.890:ERROR:process_memory_win.cc(73)] ReadMemory at 0x7696000076 of 64 bytes failed: Only part of a ReadProcessMemory or WriteProcessMemory request was completed. (0x12B)
[0213/204945.890:WARNING:pe_image_reader.cc(302)] could not read dos header from 
[0213/204945.891:ERROR:process_memory_win.cc(73)] ReadMemory at 0x7696000076 of 64 bytes failed: Only part of a ReadProcessMemory or WriteProcessMemory request was completed. (0x12B)
[0213/204945.891:WARNING:pe_image_reader.cc(302)] could not read dos header from 
[0213/204945.893:ERROR:process_memory_win.cc(73)] ReadMemory at 0x7696000076 of 64 bytes failed: Only part of a ReadProcessMemory or WriteProcessMemory request was completed. (0x12B)
[0213/204945.894:WARNING:pe_image_reader.cc(302)] could not read dos header from 
[0213/204945.897:ERROR:process_memory_win.cc(73)] ReadMemory at 0x7696000076 of 64 bytes failed: Only part of a ReadProcessMemory or WriteProcessMemory request was completed. (0x12B)
[0213/204945.897:WARNING:pe_image_reader.cc(302)] could not read dos header from 
[0213/204945.899:ERROR:process_memory_win.cc(73)] ReadMemory at 0x7696000076 of 64 bytes failed: Only part of a ReadProcessMemory or WriteProcessMemory request was completed. (0x12B)
[0213/204945.899:WARNING:pe_image_reader.cc(302)] could not read dos header from 
[0213/204945.899:ERROR:process_memory_win.cc(73)] ReadMemory at 0x7696000076 of 64 bytes failed: Only part of a ReadProcessMemory or WriteProcessMemory request was completed. (0x12B)
[0213/204945.899:WARNING:pe_image_reader.cc(302)] could not read dos header from 
[0213/204945.947:ERROR:process_memory_win.cc(73)] ReadMemory at 0x7696000076 of 64 bytes failed: Only part of a ReadProcessMemory or WriteProcessMemory request was completed. (0x12B)
[0213/204945.948:WARNING:pe_image_reader.cc(302)] could not read dos header from 
[0213/204945.958:ERROR:process_memory_win.cc(73)] ReadMemory at 0x7696000076 of 64 bytes failed: Only part of a ReadProcessMemory or WriteProcessMemory request was completed. (0x12B)
[0213/204945.958:WARNING:pe_image_reader.cc(302)] could not read dos header from 
[0213/210713.741:ERROR:crash_report_database_win.cc(428)] unexpected header
[0213/211713.741:ERROR:crash_report_database_win.cc(428)] unexpected header
[0213/211713.741:ERROR:crash_report_database_win.cc(428)] unexpected header
[0213/212213.773:ERROR:crash_report_database_win.cc(428)] unexpected header
[0213/213713.775:ERROR:crash_report_database_win.cc(428)] unexpected header
[0213/215213.776:ERROR:crash_report_database_win.cc(428)] unexpected header
[0213/220713.814:ERROR:crash_report_database_win.cc(428)] unexpected header
[0213/222213.820:ERROR:crash_report_database_win.cc(428)] unexpected header
[0213/223713.822:ERROR:crash_report_database_win.cc(428)] unexpected header
[0213/225213.827:ERROR:crash_report_database_win.cc(428)] unexpected header
[0213/230713.833:ERROR:crash_report_database_win.cc(428)] unexpected header
[0213/232213.833:ERROR:crash_report_database_win.cc(428)] unexpected header
[0213/233713.835:ERROR:crash_report_database_win.cc(428)] unexpected header
[0213/235213.881:ERROR:crash_report_database_win.cc(428)] unexpected header
[0214/000713.883:ERROR:crash_report_database_win.cc(428)] unexpected header
[0214/002213.883:ERROR:crash_report_database_win.cc(428)] unexpected header
[0214/003719.405:ERROR:crash_report_database_win.cc(428)] unexpected header
[0214/005219.407:ERROR:crash_report_database_win.cc(428)] unexpected header
[0214/010719.408:ERROR:crash_report_database_win.cc(428)] unexpected header
[0215/155640.216:ERROR:crash_report_database_win.cc(428)] unexpected header
[0215/213243.415:ERROR:crash_report_database_win.cc(428)] unexpected header
[0303/175621.581:ERROR:crash_report_database_win.cc(428)] unexpected header
[0305/002617.298:ERROR:crash_report_database_win.cc(428)] unexpected header
[0305/003130.807:ERROR:crash_report_database_win.cc(428)] unexpected header
[0305/022454.815:ERROR:crash_report_database_win.cc(428)] unexpected header
[0305/203458.517:ERROR:crash_report_database_win.cc(428)] unexpected header
[0305/204458.520:ERROR:crash_report_database_win.cc(428)] unexpected header
[0305/204458.521:ERROR:crash_report_database_win.cc(428)] unexpected header
[0305/204958.532:ERROR:crash_report_database_win.cc(428)] unexpected header
[0305/210458.533:ERROR:crash_report_database_win.cc(428)] unexpected header
[0305/211958.534:ERROR:crash_report_database_win.cc(428)] unexpected header
[0305/213502.374:ERROR:crash_report_database_win.cc(428)] unexpected header
[0305/215002.379:ERROR:crash_report_database_win.cc(428)] unexpected header
[0305/220502.383:ERROR:crash_report_database_win.cc(428)] unexpected header
[0305/222002.385:ERROR:crash_report_database_win.cc(428)] unexpected header
[0305/223502.387:ERROR:crash_report_database_win.cc(428)] unexpected header
[0305/225002.389:ERROR:crash_report_database_win.cc(428)] unexpected header
[0305/230502.391:ERROR:crash_report_database_win.cc(428)] unexpected header
[0305/232002.393:ERROR:crash_report_database_win.cc(428)] unexpected header
[0305/233148.548:ERROR:crash_report_database_win.cc(428)] unexpected header
[0305/234529.878:ERROR:crash_report_database_win.cc(428)] unexpected header
[0305/235748.144:ERROR:crash_report_database_win.cc(428)] unexpected header
[0306/152110.186:ERROR:crash_report_database_win.cc(428)] unexpected header
[0306/193028.368:ERROR:crash_report_database_win.cc(428)] unexpected header
[0306/200954.699:ERROR:crash_report_database_win.cc(428)] unexpected header
[0306/215720.962:ERROR:crash_report_database_win.cc(428)] unexpected header
[0307/010506.317:ERROR:crash_report_database_win.cc(428)] unexpected header
[0307/172304.382:ERROR:crash_report_database_win.cc(428)] unexpected header
[0307/172429.034:ERROR:crash_report_database_win.cc(428)] unexpected header
[0307/204900.549:ERROR:crash_report_database_win.cc(428)] unexpected header
[0307/220931.539:ERROR:crash_report_database_win.cc(428)] unexpected header
[0308/141551.123:ERROR:crash_report_database_win.cc(428)] unexpected header
[0308/220058.447:ERROR:crash_report_database_win.cc(428)] unexpected header
[0308/220633.440:ERROR:crash_report_database_win.cc(428)] unexpected header
[0309/010055.285:ERROR:crash_report_database_win.cc(428)] unexpected header
[0309/013643.456:ERROR:crash_report_database_win.cc(428)] unexpected header
[0309/134906.465:ERROR:crash_report_database_win.cc(428)] unexpected header
[0309/141558.021:ERROR:crash_report_database_win.cc(428)] unexpected header
[0309/195428.789:ERROR:crash_report_database_win.cc(428)] unexpected header
[0309/222927.435:ERROR:crash_report_database_win.cc(428)] unexpected header
[0309/225727.518:ERROR:crash_report_database_win.cc(428)] unexpected header
[0309/230943.891:ERROR:crash_report_database_win.cc(428)] unexpected header
[0310/005941.073:ERROR:crash_report_database_win.cc(428)] unexpected header
[0310/010020.313:ERROR:crash_report_database_win.cc(428)] unexpected header
[0310/010237.014:ERROR:crash_report_database_win.cc(428)] unexpected header
[0310/010247.145:ERROR:crash_report_database_win.cc(428)] unexpected header
[0310/010941.072:ERROR:crash_report_database_win.cc(428)] unexpected header
[0310/010941.104:ERROR:crash_report_database_win.cc(428)] unexpected header
[0310/011441.076:ERROR:crash_report_database_win.cc(428)] unexpected header
[0310/012849.169:ERROR:crash_report_database_win.cc(428)] unexpected header
[0310/012941.077:ERROR:crash_report_database_win.cc(428)] unexpected header
[0310/014441.131:ERROR:crash_report_database_win.cc(428)] unexpected header
[0310/015941.132:ERROR:crash_report_database_win.cc(428)] unexpected header
[0310/123955.563:ERROR:crash_report_database_win.cc(428)] unexpected header
[0310/124955.564:ERROR:crash_report_database_win.cc(428)] unexpected header
[0310/124955.564:ERROR:crash_report_database_win.cc(428)] unexpected header
[0310/125455.596:ERROR:crash_report_database_win.cc(428)] unexpected header
[0310/130955.598:ERROR:crash_report_database_win.cc(428)] unexpected header
[0310/132455.600:ERROR:crash_report_database_win.cc(428)] unexpected header
[0310/133955.613:ERROR:crash_report_database_win.cc(428)] unexpected header
[0310/135455.627:ERROR:crash_report_database_win.cc(428)] unexpected header
[0310/140955.635:ERROR:crash_report_database_win.cc(428)] unexpected header
[0310/142455.637:ERROR:crash_report_database_win.cc(428)] unexpected header
[0310/143955.639:ERROR:crash_report_database_win.cc(428)] unexpected header
[0310/145455.641:ERROR:crash_report_database_win.cc(428)] unexpected header
[0310/145927.635:ERROR:crash_report_database_win.cc(428)] unexpected header
[0310/150955.643:ERROR:crash_report_database_win.cc(428)] unexpected header
[0310/152455.644:ERROR:crash_report_database_win.cc(428)] unexpected header
[0310/165943.425:ERROR:crash_report_database_win.cc(428)] unexpected header
[0310/171443.429:ERROR:crash_report_database_win.cc(428)] unexpected header
[0310/172943.431:ERROR:crash_report_database_win.cc(428)] unexpected header
[0310/174449.275:ERROR:crash_report_database_win.cc(428)] unexpected header
[0310/175949.277:ERROR:crash_report_database_win.cc(428)] unexpected header
[0310/181449.278:ERROR:crash_report_database_win.cc(428)] unexpected header
[0310/181804.515:ERROR:crash_report_database_win.cc(428)] unexpected header
[0310/182949.280:ERROR:crash_report_database_win.cc(428)] unexpected header
[0310/184449.289:ERROR:crash_report_database_win.cc(428)] unexpected header
[0310/185949.291:ERROR:crash_report_database_win.cc(428)] unexpected header
[0310/191449.295:ERROR:crash_report_database_win.cc(428)] unexpected header
[0310/192949.308:ERROR:crash_report_database_win.cc(428)] unexpected header
[0310/194449.312:ERROR:crash_report_database_win.cc(428)] unexpected header
[0310/195949.314:ERROR:crash_report_database_win.cc(428)] unexpected header
[0310/201839.675:ERROR:crash_report_database_win.cc(428)] unexpected header
[0310/202839.974:ERROR:crash_report_database_win.cc(428)] unexpected header
[0310/202840.311:ERROR:crash_report_database_win.cc(428)] unexpected header
[0310/203339.678:ERROR:crash_report_database_win.cc(428)] unexpected header
[0310/204839.679:ERROR:crash_report_database_win.cc(428)] unexpected header
[0310/205307.204:ERROR:crash_report_database_win.cc(428)] unexpected header
[0310/210339.682:ERROR:crash_report_database_win.cc(428)] unexpected header
[0310/211301.728:ERROR:crash_report_database_win.cc(428)] unexpected header
[0310/211839.683:ERROR:crash_report_database_win.cc(428)] unexpected header
[0310/213339.685:ERROR:crash_report_database_win.cc(428)] unexpected header
[0310/214839.687:ERROR:crash_report_database_win.cc(428)] unexpected header
[0310/220339.689:ERROR:crash_report_database_win.cc(428)] unexpected header
[0310/221839.691:ERROR:crash_report_database_win.cc(428)] unexpected header
[0310/223339.693:ERROR:crash_report_database_win.cc(428)] unexpected header
[0310/224839.695:ERROR:crash_report_database_win.cc(428)] unexpected header
[0310/230339.696:ERROR:crash_report_database_win.cc(428)] unexpected header
[0310/230859.103:ERROR:crash_report_database_win.cc(428)] unexpected header
[0310/231839.699:ERROR:crash_report_database_win.cc(428)] unexpected header
[0310/233339.700:ERROR:crash_report_database_win.cc(428)] unexpected header
[0310/234329.453:ERROR:crash_report_database_win.cc(428)] unexpected header
[0310/234609.429:ERROR:crash_report_database_win.cc(428)] unexpected header
[0310/234839.701:ERROR:crash_report_database_win.cc(428)] unexpected header
[0310/235016.642:ERROR:crash_report_database_win.cc(428)] unexpected header
[0311/000339.702:ERROR:crash_report_database_win.cc(428)] unexpected header
[0311/001839.704:ERROR:crash_report_database_win.cc(428)] unexpected header
[0311/002109.512:ERROR:crash_report_database_win.cc(428)] unexpected header
[0311/003339.705:ERROR:crash_report_database_win.cc(428)] unexpected header
[0311/004839.719:ERROR:crash_report_database_win.cc(428)] unexpected header
[0311/222821.269:ERROR:crash_report_database_win.cc(428)] unexpected header
[0311/223821.270:ERROR:crash_report_database_win.cc(428)] unexpected header
[0311/223821.271:ERROR:crash_report_database_win.cc(428)] unexpected header
[0311/224321.294:ERROR:crash_report_database_win.cc(428)] unexpected header
[0312/224716.859:ERROR:crash_report_database_win.cc(428)] unexpected header
[0312/225719.162:ERROR:crash_report_database_win.cc(428)] unexpected header
[0312/225719.163:ERROR:crash_report_database_win.cc(428)] unexpected header
[0312/230219.162:ERROR:crash_report_database_win.cc(428)] unexpected header
[0312/231719.165:ERROR:crash_report_database_win.cc(428)] unexpected header
[0312/233219.168:ERROR:crash_report_database_win.cc(428)] unexpected header
[0312/234719.170:ERROR:crash_report_database_win.cc(428)] unexpected header
[0312/235947.231:ERROR:crash_report_database_win.cc(428)] unexpected header
